(THU.CST) os is loading ...

Special kernel symbols:
  entry  0xc010002a (phys)
  etext  0xc0105f64 (phys)
  edata  0xc0117a36 (phys)
  end    0xc0118968 (phys)
Kernel executable memory footprint: 99KB
ebp is 0xc0116f38, eip is 0xc01009d0, argu[0] is 000010094, argu[1] is 000000000, argu[2] is 0c0116f68, argu[3] is 0c01000bc, 
    kern/debug/kdebug.c:309: print_stackframe+21
ebp is 0xc0116f48, eip is 0xc0100cc8, argu[0] is 000000000, argu[1] is 000000000, argu[2] is 000000000, argu[3] is 0c0116fb8, 
    kern/debug/kmonitor.c:129: mon_backtrace+10
ebp is 0xc0116f68, eip is 0xc01000bc, argu[0] is 000000000, argu[1] is 0c0116f90, argu[2] is 0ffff0000, argu[3] is 0c0116f94, 
    kern/init/init.c:49: grade_backtrace2+33
ebp is 0xc0116f88, eip is 0xc01000e5, argu[0] is 000000000, argu[1] is 0ffff0000, argu[2] is 0c0116fb4, argu[3] is 000000029, 
    kern/init/init.c:54: grade_backtrace1+38
ebp is 0xc0116fa8, eip is 0xc0100103, argu[0] is 000000000, argu[1] is 0c010002a, argu[2] is 0ffff0000, argu[3] is 00000001d, 
    kern/init/init.c:59: grade_backtrace0+23
ebp is 0xc0116fc8, eip is 0xc0100128, argu[0] is 0c0105f9c, argu[1] is 0c0105f80, argu[2] is 000000f32, argu[3] is 000000000, 
    kern/init/init.c:64: grade_backtrace+34
ebp is 0xc0116ff8, eip is 0xc010007f, argu[0] is 000000000, argu[1] is 000000000, argu[2] is 00000ffff, argu[3] is 040cf9a00, 
    kern/init/init.c:29: kern_init+84
memory management: default_pmm_manager
e820map:
  memory: 0009fc00, [00000000, 0009fbff], type = 1.
  memory: 00000400, [0009fc00, 0009ffff], type = 2.
  memory: 00010000, [000f0000, 000fffff], type = 2.
  memory: 07efe000, [00100000, 07ffdfff], type = 1.
  memory: 00002000, [07ffe000, 07ffffff], type = 2.
  memory: 00040000, [fffc0000, ffffffff], type = 2.
check_alloc_page() succeeded!
check_pgdir() succeeded!
check_boot_pgdir() succeeded!
-------------------- BEGIN --------------------
PDE(0e0) c0000000-f8000000 38000000 urw
  |-- PTE(38000) c0000000-f8000000 38000000 -rw
PDE(001) fac00000-fb000000 00400000 -rw
  |-- PTE(000e0) faf00000-fafe0000 000e0000 urw
  |-- PTE(00001) fafeb000-fafec000 00001000 -rw
--------------------- END ---------------------
++ setup timer interrupts
100 ticks
End of Test.
kernel panic at kern/trap/trap.c:18:
    EOT: kernel seems ok.
Welcome to the kernel debug monitor!!
Type 'help' for a list of commands.
K> 